Using pre-set license
Built from '2020.3/staging' branch; Version is '2020.3.5f1 (8095aa901b9b) revision 8426922'; Using compiler version '192528614'; Build Type 'Release'
OS: 'Windows 10 Pro; OS build 19042.928; Version 2009; 64bit' Language: 'en' Physical Memory: 16204 MB
BatchMode: 1, IsHumanControllingUs: 0, StartBugReporterOnCrash: 0, Is64bit: 1, IsPro: 0

 COMMAND LINE ARGUMENTS:
C:\Program Files\Unity\Hub\Editor\2020.3.5f1\Editor\Unity.exe
-adb2
-batchMode
-noUpm
-name
AssetImportWorker0
-projectPath
C:/Users/False/JojinhoDo0
-logFile
Logs/AssetImportWorker0.log
-srvPort
56881
Successfully changed project path to: C:/Users/False/JojinhoDo0
C:/Users/False/JojinhoDo0
Using Asset Import Pipeline V2.
Refreshing native plugins compatible for Editor in 42.97 ms, found 1 plugins.
Preloading 0 native plugins for Editor in 0.00 ms.
Initialize engine version: 2020.3.5f1 (8095aa901b9b)
[Subsystems] Discovering subsystems at path C:/Program Files/Unity/Hub/Editor/2020.3.5f1/Editor/Data/Resources/UnitySubsystems
[Subsystems] Discovering subsystems at path C:/Users/False/JojinhoDo0/Assets
GfxDevice: creating device client; threaded=0
Direct3D:
    Version:  Direct3D 11.0 [level 11.1]
    Renderer: NVIDIA GeForce GTX 1050 (ID=0x1c91)
    Vendor:   
    VRAM:     2996 MB
    Driver:   27.21.14.6611
Initialize mono
Mono path[0] = 'C:/Program Files/Unity/Hub/Editor/2020.3.5f1/Editor/Data/Managed'
Mono path[1] = 'C:/Program Files/Unity/Hub/Editor/2020.3.5f1/Editor/Data/MonoBleedingEdge/lib/mono/unityjit'
Mono config path = 'C:/Program Files/Unity/Hub/Editor/2020.3.5f1/Editor/Data/MonoBleedingEdge/etc'
Using monoOptions --debugger-agent=transport=dt_socket,embedding=1,server=y,suspend=n,address=127.0.0.1:56640
Begin MonoManager ReloadAssembly
Registering precompiled unity dll's ...
Register platform support module: C:/Program Files/Unity/Hub/Editor/2020.3.5f1/Editor/Data/PlaybackEngines/WebGLSupport/UnityEditor.WebGL.Extensions.dll
Register platform support module: C:/Program Files/Unity/Hub/Editor/2020.3.5f1/Editor/Data/PlaybackEngines/WindowsStandaloneSupport/UnityEditor.WindowsStandalone.Extensions.dll
Registered in 0.002948 seconds.
Native extension for WindowsStandalone target not found
Native extension for WebGL target not found
Refreshing native plugins compatible for Editor in 39.63 ms, found 1 plugins.
Preloading 0 native plugins for Editor in 0.00 ms.
Mono: successfully reloaded assembly
- Completed reload, in  1.206 seconds
Platform modules already initialized, skipping
Registering precompiled user dll's ...
Registered in 0.000879 seconds.
Begin MonoManager ReloadAssembly
Native extension for WindowsStandalone target not found
Native extension for WebGL target not found
Refreshing native plugins compatible for Editor in 35.75 ms, found 1 plugins.
Preloading 0 native plugins for Editor in 0.00 ms.
Mono: successfully reloaded assembly
- Completed reload, in  1.058 seconds
Platform modules already initialized, skipping
========================================================================
Worker process is ready to serve import requests
Launched and connected shader compiler UnityShaderCompiler.exe after 0.05 seconds
Refreshing native plugins compatible for Editor in 0.33 ms, found 1 plugins.
Preloading 0 native plugins for Editor in 0.00 ms.
Unloading 1808 Unused Serialized files (Serialized files now loaded: 0)
System memory in use before: 84.9 MB.
System memory in use after: 84.8 MB.

Unloading 24 unused Assets to reduce memory usage. Loaded Objects now: 2250.
Total: 2.318700 ms (FindLiveObjects: 0.226300 ms CreateObjectMapping: 0.095500 ms MarkObjects: 1.874600 ms  DeleteObjects: 0.120500 ms)

========================================================================
Received Import Request.
  path: Assets/Scenes
  artifactKey: Guid(7af1806345039f24f8b24b5bbafd7767) Importer(815301076,1909f56bfc062723c751e8b465ee728b)
Start importing Assets/Scenes using Guid(7af1806345039f24f8b24b5bbafd7767) Importer(815301076,1909f56bfc062723c751e8b465ee728b)  -> (artifact id: '1bc9f87513c299040e4bef22f8b31a8c') in 0.011665 seconds
  Import took 0.016617 seconds .

========================================================================
Received Import Request.
  Time since last request: 11.346876 seconds.
  path: Assets/Scenes/New Folder
  artifactKey: Guid(442d91ab14b50b143861208e58b378db) Importer(815301076,1909f56bfc062723c751e8b465ee728b)
Start importing Assets/Scenes/New Folder using Guid(442d91ab14b50b143861208e58b378db) Importer(815301076,1909f56bfc062723c751e8b465ee728b)  -> (artifact id: '1c73da6fbb84508d96b92a91ef94b63e') in 0.010044 seconds
  Import took 0.014885 seconds .

========================================================================
Received Import Request.
  Time since last request: 0.000710 seconds.
  path: Assets/Scenes/New Folder
  artifactKey: Guid(442d91ab14b50b143861208e58b378db) Importer(815301076,1909f56bfc062723c751e8b465ee728b)
Start importing Assets/Scenes/New Folder using Guid(442d91ab14b50b143861208e58b378db) Importer(815301076,1909f56bfc062723c751e8b465ee728b)  -> (artifact id: '1c73da6fbb84508d96b92a91ef94b63e') in 0.003524 seconds
  Import took 0.007697 seconds .

========================================================================
Received Import Request.
  Time since last request: 9.302272 seconds.
  path: Assets/Scenes/Scripts
  artifactKey: Guid(442d91ab14b50b143861208e58b378db) Importer(815301076,1909f56bfc062723c751e8b465ee728b)
Start importing Assets/Scenes/Scripts using Guid(442d91ab14b50b143861208e58b378db) Importer(815301076,1909f56bfc062723c751e8b465ee728b)  -> (artifact id: '03bfd96644ccaa32d1c9eee0a9ed7488') in 0.007096 seconds
  Import took 0.010451 seconds .

========================================================================
Received Import Request.
  Time since last request: 8.519132 seconds.
  path: Assets/Scenes/Objects
  artifactKey: Guid(98d85eba8dabafa42b26bb3030243b25) Importer(815301076,1909f56bfc062723c751e8b465ee728b)
Start importing Assets/Scenes/Objects using Guid(98d85eba8dabafa42b26bb3030243b25) Importer(815301076,1909f56bfc062723c751e8b465ee728b)  -> (artifact id: 'b6476adad22fafebae829d6cfc03b020') in 0.008808 seconds
  Import took 0.013117 seconds .

========================================================================
Received Import Request.
  Time since last request: 0.001025 seconds.
  path: Assets/Scenes/Objects
  artifactKey: Guid(98d85eba8dabafa42b26bb3030243b25) Importer(815301076,1909f56bfc062723c751e8b465ee728b)
Start importing Assets/Scenes/Objects using Guid(98d85eba8dabafa42b26bb3030243b25) Importer(815301076,1909f56bfc062723c751e8b465ee728b)  -> (artifact id: 'b6476adad22fafebae829d6cfc03b020') in 0.002557 seconds
  Import took 0.007651 seconds .

AssetImportWorkerClient::OnTransportError - code=2 error=End of file
